<?xml version="1.0" encoding="UTF-8"?>
<testng-results ignored="0" total="5" passed="5" failed="0" skipped="0">
  <reporter-output>
    <line>
      <![CDATA[Product Version: actiTIME 2017.4
(build 39769)
Auto-installation package
Number of Users: 5 users
with enabled access
(1 user account used)]]>
    </line>
  </reporter-output>
  <suite started-at="2025-03-12T01:44:32 IST" name="Default suite" finished-at="2025-03-12T01:45:08 IST" duration-ms="35992">
    <groups>
    </groups>
    <test started-at="2025-03-12T01:44:32 IST" name="Default test" finished-at="2025-03-12T01:45:08 IST" duration-ms="35992">
      <class name="com.MiniProject.testScript.UpdateTimeTrack">
        <test-method is-config="true" signature="openBrowser()[pri:0, instance:com.MiniProject.testScript.UpdateTimeTrack@4802796d]" started-at="2025-03-12T01:44:32 IST" name="openBrowser" finished-at="2025-03-12T01:44:38 IST" duration-ms="5536" status="PASS">
          <reporter-output>
          </reporter-output>
        </test-method> <!-- openBrowser -->
        <test-method is-config="true" signature="login()[pri:0, instance:com.MiniProject.testScript.UpdateTimeTrack@4802796d]" started-at="2025-03-12T01:44:38 IST" name="login" finished-at="2025-03-12T01:44:39 IST" duration-ms="1285" status="PASS">
          <reporter-output>
          </reporter-output>
        </test-method> <!-- login -->
        <test-method signature="EnterTimeTrack()[pri:1, instance:com.MiniProject.testScript.UpdateTimeTrack@4802796d]" started-at="2025-03-12T01:44:39 IST" name="EnterTimeTrack" finished-at="2025-03-12T01:44:43 IST" duration-ms="4028" status="PASS">
          <reporter-output>
          </reporter-output>
        </test-method> <!-- EnterTimeTrack -->
        <test-method is-config="true" signature="logout()[pri:0, instance:com.MiniProject.testScript.UpdateTimeTrack@4802796d]" started-at="2025-03-12T01:44:43 IST" name="logout" finished-at="2025-03-12T01:44:44 IST" duration-ms="980" status="PASS">
          <reporter-output>
          </reporter-output>
        </test-method> <!-- logout -->
        <test-method is-config="true" signature="login()[pri:0, instance:com.MiniProject.testScript.UpdateTimeTrack@4802796d]" started-at="2025-03-12T01:44:44 IST" name="login" finished-at="2025-03-12T01:44:45 IST" duration-ms="867" status="PASS">
          <reporter-output>
          </reporter-output>
        </test-method> <!-- login -->
        <test-method signature="ValidateTimeTrack()[pri:2, instance:com.MiniProject.testScript.UpdateTimeTrack@4802796d]" started-at="2025-03-12T01:44:45 IST" name="ValidateTimeTrack" finished-at="2025-03-12T01:44:50 IST" duration-ms="4818" status="PASS">
          <reporter-output>
          </reporter-output>
        </test-method> <!-- ValidateTimeTrack -->
        <test-method is-config="true" signature="logout()[pri:0, instance:com.MiniProject.testScript.UpdateTimeTrack@4802796d]" started-at="2025-03-12T01:44:50 IST" name="logout" finished-at="2025-03-12T01:44:50 IST" duration-ms="589" status="PASS">
          <reporter-output>
          </reporter-output>
        </test-method> <!-- logout -->
        <test-method is-config="true" signature="login()[pri:0, instance:com.MiniProject.testScript.UpdateTimeTrack@4802796d]" started-at="2025-03-12T01:44:50 IST" name="login" finished-at="2025-03-12T01:44:51 IST" duration-ms="935" status="PASS">
          <reporter-output>
          </reporter-output>
        </test-method> <!-- login -->
        <test-method signature="ModifyTimeTrack()[pri:3, instance:com.MiniProject.testScript.UpdateTimeTrack@4802796d]" started-at="2025-03-12T01:44:51 IST" name="ModifyTimeTrack" finished-at="2025-03-12T01:44:55 IST" duration-ms="3610" status="PASS">
          <reporter-output>
          </reporter-output>
        </test-method> <!-- ModifyTimeTrack -->
        <test-method is-config="true" signature="logout()[pri:0, instance:com.MiniProject.testScript.UpdateTimeTrack@4802796d]" started-at="2025-03-12T01:44:55 IST" name="logout" finished-at="2025-03-12T01:44:56 IST" duration-ms="976" status="PASS">
          <reporter-output>
          </reporter-output>
        </test-method> <!-- logout -->
        <test-method is-config="true" signature="login()[pri:0, instance:com.MiniProject.testScript.UpdateTimeTrack@4802796d]" started-at="2025-03-12T01:44:56 IST" name="login" finished-at="2025-03-12T01:44:57 IST" duration-ms="962" status="PASS">
          <reporter-output>
          </reporter-output>
        </test-method> <!-- login -->
        <test-method signature="helpIcon()[pri:4, instance:com.MiniProject.testScript.UpdateTimeTrack@4802796d]" started-at="2025-03-12T01:44:57 IST" name="helpIcon" finished-at="2025-03-12T01:44:59 IST" duration-ms="2219" status="PASS">
          <reporter-output>
            <line>
              <![CDATA[Product Version: actiTIME 2017.4
(build 39769)
Auto-installation package
Number of Users: 5 users
with enabled access
(1 user account used)]]>
            </line>
          </reporter-output>
        </test-method> <!-- helpIcon -->
        <test-method is-config="true" signature="logout()[pri:0, instance:com.MiniProject.testScript.UpdateTimeTrack@4802796d]" started-at="2025-03-12T01:44:59 IST" name="logout" finished-at="2025-03-12T01:45:00 IST" duration-ms="643" status="PASS">
          <reporter-output>
          </reporter-output>
        </test-method> <!-- logout -->
        <test-method is-config="true" signature="login()[pri:0, instance:com.MiniProject.testScript.UpdateTimeTrack@4802796d]" started-at="2025-03-12T01:45:00 IST" name="login" finished-at="2025-03-12T01:45:01 IST" duration-ms="961" status="PASS">
          <reporter-output>
          </reporter-output>
        </test-method> <!-- login -->
        <test-method signature="validateSystemAdmin()[pri:5, instance:com.MiniProject.testScript.UpdateTimeTrack@4802796d]" started-at="2025-03-12T01:45:01 IST" name="validateSystemAdmin" finished-at="2025-03-12T01:45:07 IST" duration-ms="5981" status="PASS">
          <reporter-output>
          </reporter-output>
        </test-method> <!-- validateSystemAdmin -->
        <test-method is-config="true" signature="logout()[pri:0, instance:com.MiniProject.testScript.UpdateTimeTrack@4802796d]" started-at="2025-03-12T01:45:07 IST" name="logout" finished-at="2025-03-12T01:45:08 IST" duration-ms="671" status="PASS">
          <reporter-output>
          </reporter-output>
        </test-method> <!-- logout -->
        <test-method is-config="true" signature="closeBrowser()[pri:0, instance:com.MiniProject.testScript.UpdateTimeTrack@4802796d]" started-at="2025-03-12T01:45:08 IST" name="closeBrowser" finished-at="2025-03-12T01:45:08 IST" duration-ms="661" status="PASS">
          <reporter-output>
          </reporter-output>
        </test-method> <!-- closeBrowser -->
      </class> <!-- com.MiniProject.testScript.UpdateTimeTrack -->
    </test> <!-- Default test -->
  </suite> <!-- Default suite -->
</testng-results>
