<?xml version="1.0" encoding="UTF-8"?>
<!-- Generated by org.testng.reporters.JUnitXMLReporter -->
<testsuite ignored="0" hostname="DESKTOP-TM0OM7E" failures="0" tests="5" name="Default test" time="35.992" errors="0" timestamp="2025-03-12T01:45:08 IST">
  <testcase classname="com.MiniProject.testScript.UpdateTimeTrack" name="EnterTimeTrack" time="4.028"/>
  <testcase classname="com.MiniProject.testScript.UpdateTimeTrack" name="ValidateTimeTrack" time="4.818"/>
  <testcase classname="com.MiniProject.testScript.UpdateTimeTrack" name="ModifyTimeTrack" time="3.61"/>
  <testcase classname="com.MiniProject.testScript.UpdateTimeTrack" name="helpIcon" time="2.219"/>
  <testcase classname="com.MiniProject.testScript.UpdateTimeTrack" name="validateSystemAdmin" time="5.981"/>
</testsuite> <!-- Default test -->
