<?xml version="1.0" encoding="UTF-8"?>
<!-- Generated by org.testng.reporters.JUnitXMLReporter -->
<testsuite ignored="0" hostname="DESKTOP-TM0OM7E" failures="0" tests="9" name="Test" time="41.877" errors="0" timestamp="2025-03-06T22:10:17 IST">
  <testcase classname="com.actitime.testscript.CustomerModule" name="addCustomer" time="0.041"/>
  <testcase classname="com.actitime.testscript.CustomerModule" name="modifyCustomer" time="0.015"/>
  <testcase classname="com.actitime.testscript.CustomerModule" name="deleteCustomer" time="0.005"/>
  <testcase classname="com.actitime.testscript.ProjectModule" name="addProject" time="0.004"/>
  <testcase classname="com.actitime.testscript.ProjectModule" name="modifyProject" time="0.008"/>
  <testcase classname="com.actitime.testscript.ProjectModule" name="deleteProject" time="0.006"/>
  <testcase classname="com.actitime.testscript.TestModule" name="addTest" time="0.006"/>
  <testcase classname="com.actitime.testscript.TestModule" name="modifyTest" time="0.007"/>
  <testcase classname="com.actitime.testscript.TestModule" name="deleteTest" time="0.004"/>
</testsuite> <!-- Test -->
